2023-11-15 11:25:20.901 +01:00 [Information] User profile is available. Using '"C:\Users\mahwi\AppData\Local\ASP.NET\DataProtection-Keys"' as key repository and Windows DPAPI to encrypt keys at rest.
2023-11-15 11:25:25.096 +01:00 [Information] Now listening on: "https://localhost:7196"
2023-11-15 11:25:25.102 +01:00 [Information] Now listening on: "http://localhost:5105"
2023-11-15 11:25:25.117 +01:00 [Information] Application started. Press Ctrl+C to shut down.
2023-11-15 11:25:25.122 +01:00 [Information] Hosting environment: "Development"
2023-11-15 11:25:25.127 +01:00 [Information] Content root path: "E:\git prosjekt\Flashcards_React\Flashcards_React"
2023-11-15 11:25:25.872 +01:00 [Information] Request starting HTTP/2 GET https://localhost:7196/ - -
2023-11-15 11:25:30.558 +01:00 [Information] No SPA development server running at https://localhost:44424 found.
2023-11-15 11:25:31.226 +01:00 [Information] SPA proxy is not ready. Returning temporary landing page.
2023-11-15 11:25:31.242 +01:00 [Information] Request finished HTTP/2 GET https://localhost:7196/ - - - 200 - text/html 5377.3505ms
2023-11-15 11:25:34.423 +01:00 [Information] Request starting HTTP/2 GET https://localhost:7196/ - -
2023-11-15 11:25:38.631 +01:00 [Information] SPA proxy is not ready. Returning temporary landing page.
2023-11-15 11:25:38.633 +01:00 [Information] Request finished HTTP/2 GET https://localhost:7196/ - - - 200 - text/html 4210.1034ms
2023-11-15 11:25:41.726 +01:00 [Information] Request starting HTTP/2 GET https://localhost:7196/ - -
2023-11-15 11:25:51.970 +01:00 [Information] SPA proxy is not ready. Returning temporary landing page.
2023-11-15 11:25:51.971 +01:00 [Information] Request finished HTTP/2 GET https://localhost:7196/ - - - 200 - text/html 10244.9640ms
2023-11-15 11:25:55.058 +01:00 [Information] Request starting HTTP/2 GET https://localhost:7196/ - -
2023-11-15 11:25:55.381 +01:00 [Information] SPA development server running at 'https://localhost:44424'
2023-11-15 11:25:57.349 +01:00 [Information] SPA proxy is ready. Redirecting to https://localhost:44424.
2023-11-15 11:25:57.352 +01:00 [Information] Request finished HTTP/2 GET https://localhost:7196/ - - - 302 0 - 2293.5721ms
2023-11-15 11:26:01.562 +01:00 [Information] Request starting HTTP/1.1 GET https://localhost:44424/api/deck/browsedecks - -
2023-11-15 11:26:01.827 +01:00 [Information] Executing endpoint '"Flashcards_React.Controllers.DeckController.BrowseDecks (Flashcards_React)"'
2023-11-15 11:26:01.867 +01:00 [Information] Route matched with "{action = \"BrowseDecks\", controller = \"Deck\", page = \"\", area = \"\"}". Executing controller action with signature "Microsoft.AspNetCore.Mvc.ActionResult`1[System.Collections.Generic.IEnumerable`1[Flashcards_React.Models.Deck]] BrowseDecks()" on controller "Flashcards_React.Controllers.DeckController" ("Flashcards_React").
2023-11-15 11:26:02.499 +01:00 [Information] Executing action method "Flashcards_React.Controllers.DeckController.BrowseDecks (Flashcards_React)" - Validation state: Valid
2023-11-15 11:26:02.522 +01:00 [Information] Executed action method "Flashcards_React.Controllers.DeckController.BrowseDecks (Flashcards_React)", returned result "Microsoft.AspNetCore.Mvc.OkObjectResult" in 4.6762ms.
2023-11-15 11:26:02.556 +01:00 [Information] Executing "OkObjectResult", writing value of type '"Flashcards_React.Models.Deck[]"'.
2023-11-15 11:26:02.819 +01:00 [Information] Executed action "Flashcards_React.Controllers.DeckController.BrowseDecks (Flashcards_React)" in 922.4633ms
2023-11-15 11:26:02.820 +01:00 [Information] Executed endpoint '"Flashcards_React.Controllers.DeckController.BrowseDecks (Flashcards_React)"'
2023-11-15 11:26:02.823 +01:00 [Information] Request finished HTTP/1.1 GET https://localhost:44424/api/deck/browsedecks - - - 200 - application/json;+charset=utf-8 1261.0387ms
