2023-11-15 11:19:46.821 +01:00 [Information] User profile is available. Using '"C:\Users\mahwi\AppData\Local\ASP.NET\DataProtection-Keys"' as key repository and Windows DPAPI to encrypt keys at rest.
2023-11-15 11:19:50.951 +01:00 [Information] Now listening on: "https://localhost:7196"
2023-11-15 11:19:50.955 +01:00 [Information] Now listening on: "http://localhost:5105"
2023-11-15 11:19:50.967 +01:00 [Information] Application started. Press Ctrl+C to shut down.
2023-11-15 11:19:50.971 +01:00 [Information] Hosting environment: "Development"
2023-11-15 11:19:50.976 +01:00 [Information] Content root path: "E:\git prosjekt\Flashcards_React\Flashcards_React"
2023-11-15 11:19:52.456 +01:00 [Information] Request starting HTTP/2 GET https://localhost:7196/ - -
2023-11-15 11:19:57.124 +01:00 [Information] No SPA development server running at https://localhost:44424 found.
2023-11-15 11:19:57.762 +01:00 [Information] SPA proxy is not ready. Returning temporary landing page.
2023-11-15 11:19:57.782 +01:00 [Information] Request finished HTTP/2 GET https://localhost:7196/ - - - 200 - text/html 5340.1410ms
2023-11-15 11:20:00.992 +01:00 [Information] Request starting HTTP/2 GET https://localhost:7196/ - -
2023-11-15 11:20:05.209 +01:00 [Information] SPA proxy is not ready. Returning temporary landing page.
2023-11-15 11:20:05.212 +01:00 [Information] Request finished HTTP/2 GET https://localhost:7196/ - - - 200 - text/html 4218.7180ms
2023-11-15 11:20:08.326 +01:00 [Information] Request starting HTTP/2 GET https://localhost:7196/ - -
2023-11-15 11:20:17.770 +01:00 [Information] SPA proxy is ready. Redirecting to https://localhost:44424.
2023-11-15 11:20:17.774 +01:00 [Information] SPA development server running at 'https://localhost:44424'
2023-11-15 11:20:17.776 +01:00 [Information] Request finished HTTP/2 GET https://localhost:7196/ - - - 302 0 - 9450.0806ms
2023-11-15 11:20:22.990 +01:00 [Information] Request starting HTTP/1.1 GET https://localhost:44424/api/deck/browsedecks/ - -
2023-11-15 11:20:23.255 +01:00 [Information] Executing endpoint '"Fallback {*path:nonfile}"'
2023-11-15 11:20:23.258 +01:00 [Information] Executed endpoint '"Fallback {*path:nonfile}"'
2023-11-15 11:20:23.289 +01:00 [Information] Request finished HTTP/1.1 GET https://localhost:44424/api/deck/browsedecks/ - - - 404 0 - 299.0712ms
