2023-11-15 11:15:22.984 +01:00 [Information] User profile is available. Using '"C:\Users\mahwi\AppData\Local\ASP.NET\DataProtection-Keys"' as key repository and Windows DPAPI to encrypt keys at rest.
2023-11-15 11:15:28.643 +01:00 [Information] Now listening on: "https://localhost:7196"
2023-11-15 11:15:28.650 +01:00 [Information] Now listening on: "http://localhost:5105"
2023-11-15 11:15:28.662 +01:00 [Information] Application started. Press Ctrl+C to shut down.
2023-11-15 11:15:28.677 +01:00 [Information] Hosting environment: "Development"
2023-11-15 11:15:28.714 +01:00 [Information] Content root path: "E:\git prosjekt\Flashcards_React\Flashcards_React"
2023-11-15 11:15:30.865 +01:00 [Information] Request starting HTTP/2 GET https://localhost:7196/ - -
2023-11-15 11:15:37.090 +01:00 [Information] No SPA development server running at https://localhost:44424 found.
2023-11-15 11:15:37.909 +01:00 [Information] SPA proxy is not ready. Returning temporary landing page.
2023-11-15 11:15:37.934 +01:00 [Information] Request finished HTTP/2 GET https://localhost:7196/ - - - 200 - text/html 7077.5690ms
2023-11-15 11:15:41.097 +01:00 [Information] Request starting HTTP/2 GET https://localhost:7196/ - -
2023-11-15 11:15:45.320 +01:00 [Information] SPA proxy is not ready. Returning temporary landing page.
2023-11-15 11:15:45.323 +01:00 [Information] Request finished HTTP/2 GET https://localhost:7196/ - - - 200 - text/html 4226.0936ms
2023-11-15 11:15:48.402 +01:00 [Information] Request starting HTTP/2 GET https://localhost:7196/ - -
2023-11-15 11:15:52.685 +01:00 [Information] SPA proxy is not ready. Returning temporary landing page.
2023-11-15 11:15:52.686 +01:00 [Information] Request finished HTTP/2 GET https://localhost:7196/ - - - 200 - text/html 4284.3206ms
2023-11-15 11:15:55.795 +01:00 [Information] Request starting HTTP/2 GET https://localhost:7196/ - -
2023-11-15 11:16:05.948 +01:00 [Information] SPA proxy is not ready. Returning temporary landing page.
2023-11-15 11:16:05.948 +01:00 [Information] Request finished HTTP/2 GET https://localhost:7196/ - - - 200 - text/html 10153.2746ms
2023-11-15 11:16:09.028 +01:00 [Information] Request starting HTTP/2 GET https://localhost:7196/ - -
2023-11-15 11:16:12.594 +01:00 [Information] SPA development server running at 'https://localhost:44424'
2023-11-15 11:16:12.600 +01:00 [Information] SPA proxy is ready. Redirecting to https://localhost:44424.
2023-11-15 11:16:12.601 +01:00 [Information] Request finished HTTP/2 GET https://localhost:7196/ - - - 302 0 - 3574.1428ms
2023-11-15 11:16:24.007 +01:00 [Information] Request starting HTTP/1.1 GET https://localhost:44424/api/deck/browsedecks/ - -
2023-11-15 11:16:24.268 +01:00 [Information] Executing endpoint '"Flashcards_React.Controllers.DeckController.BrowseDecks (Flashcards_React)"'
2023-11-15 11:16:24.305 +01:00 [Information] Route matched with "{action = \"BrowseDecks\", controller = \"Deck\", page = \"\", area = \"\"}". Executing controller action with signature "System.Threading.Tasks.Task`1[Microsoft.AspNetCore.Mvc.ActionResult`1[System.Collections.Generic.IEnumerable`1[Flashcards_React.Models.Deck]]] BrowseDecks()" on controller "Flashcards_React.Controllers.DeckController" ("Flashcards_React").
2023-11-15 11:16:24.325 +01:00 [Information] Executed action "Flashcards_React.Controllers.DeckController.BrowseDecks (Flashcards_React)" in 12.9313ms
2023-11-15 11:16:24.328 +01:00 [Information] Executed endpoint '"Flashcards_React.Controllers.DeckController.BrowseDecks (Flashcards_React)"'
2023-11-15 11:16:24.422 +01:00 [Error] An unhandled exception has occurred while executing the request.
System.InvalidOperationException: Unable to resolve service for type 'Microsoft.AspNetCore.Identity.UserManager`1[Flashcards_React.Models.FlashcardsUser]' while attempting to activate 'Flashcards_React.Controllers.DeckController'.
   at Microsoft.Extensions.DependencyInjection.ActivatorUtilities.GetService(IServiceProvider sp, Type type, Type requiredBy, Boolean isDefaultParameterRequired)
   at lambda_method169(Closure, IServiceProvider, Object[])
   at Microsoft.AspNetCore.Mvc.Controllers.ControllerFactoryProvider.<>c__DisplayClass6_0.<CreateControllerFactory>g__CreateController|0(ControllerContext controllerContext)
   at Microsoft.AspNetCore.Mvc.Infrastructure.ControllerActionInvoker.Next(State& next, Scope& scope, Object& state, Boolean& isCompleted)
   at Microsoft.AspNetCore.Mvc.Infrastructure.ControllerActionInvoker.InvokeInnerFilterAsync()
--- End of stack trace from previous location ---
   at Microsoft.AspNetCore.Mvc.Infrastructure.ResourceInvoker.<InvokeNextResourceFilter>g__Awaited|25_0(ResourceInvoker invoker, Task lastTask, State next, Scope scope, Object state, Boolean isCompleted)
   at Microsoft.AspNetCore.Mvc.Infrastructure.ResourceInvoker.Rethrow(ResourceExecutedContextSealed context)
   at Microsoft.AspNetCore.Mvc.Infrastructure.ResourceInvoker.Next(State& next, Scope& scope, Object& state, Boolean& isCompleted)
   at Microsoft.AspNetCore.Mvc.Infrastructure.ResourceInvoker.InvokeFilterPipelineAsync()
--- End of stack trace from previous location ---
   at Microsoft.AspNetCore.Mvc.Infrastructure.ResourceInvoker.<InvokeAsync>g__Logged|17_1(ResourceInvoker invoker)
   at Microsoft.AspNetCore.Mvc.Infrastructure.ResourceInvoker.<InvokeAsync>g__Logged|17_1(ResourceInvoker invoker)
   at Microsoft.AspNetCore.Routing.EndpointMiddleware.<Invoke>g__AwaitRequestTask|6_0(Endpoint endpoint, Task requestTask, ILogger logger)
   at Microsoft.AspNetCore.Authorization.AuthorizationMiddleware.Invoke(HttpContext context)
   at Microsoft.AspNetCore.Authentication.AuthenticationMiddleware.Invoke(HttpContext context)
   at Microsoft.AspNetCore.Diagnostics.DeveloperExceptionPageMiddlewareImpl.Invoke(HttpContext context)
2023-11-15 11:16:24.461 +01:00 [Information] Request finished HTTP/1.1 GET https://localhost:44424/api/deck/browsedecks/ - - - 500 - text/plain;+charset=utf-8 454.2131ms
2023-11-15 11:17:15.009 +01:00 [Information] Request starting HTTP/1.1 GET https://localhost:44424/api/deck/browsedecks/ - -
2023-11-15 11:17:15.070 +01:00 [Information] Executing endpoint '"Flashcards_React.Controllers.DeckController.BrowseDecks (Flashcards_React)"'
2023-11-15 11:17:15.070 +01:00 [Information] Route matched with "{action = \"BrowseDecks\", controller = \"Deck\", page = \"\", area = \"\"}". Executing controller action with signature "System.Threading.Tasks.Task`1[Microsoft.AspNetCore.Mvc.ActionResult`1[System.Collections.Generic.IEnumerable`1[Flashcards_React.Models.Deck]]] BrowseDecks()" on controller "Flashcards_React.Controllers.DeckController" ("Flashcards_React").
2023-11-15 11:17:15.073 +01:00 [Information] Executed action "Flashcards_React.Controllers.DeckController.BrowseDecks (Flashcards_React)" in 2.4675ms
2023-11-15 11:17:15.074 +01:00 [Information] Executed endpoint '"Flashcards_React.Controllers.DeckController.BrowseDecks (Flashcards_React)"'
2023-11-15 11:17:15.087 +01:00 [Error] An unhandled exception has occurred while executing the request.
System.InvalidOperationException: Unable to resolve service for type 'Microsoft.AspNetCore.Identity.UserManager`1[Flashcards_React.Models.FlashcardsUser]' while attempting to activate 'Flashcards_React.Controllers.DeckController'.
   at Microsoft.Extensions.DependencyInjection.ActivatorUtilities.GetService(IServiceProvider sp, Type type, Type requiredBy, Boolean isDefaultParameterRequired)
   at lambda_method169(Closure, IServiceProvider, Object[])
   at Microsoft.AspNetCore.Mvc.Controllers.ControllerFactoryProvider.<>c__DisplayClass6_0.<CreateControllerFactory>g__CreateController|0(ControllerContext controllerContext)
   at Microsoft.AspNetCore.Mvc.Infrastructure.ControllerActionInvoker.Next(State& next, Scope& scope, Object& state, Boolean& isCompleted)
   at Microsoft.AspNetCore.Mvc.Infrastructure.ControllerActionInvoker.InvokeInnerFilterAsync()
--- End of stack trace from previous location ---
   at Microsoft.AspNetCore.Mvc.Infrastructure.ResourceInvoker.<InvokeNextResourceFilter>g__Awaited|25_0(ResourceInvoker invoker, Task lastTask, State next, Scope scope, Object state, Boolean isCompleted)
   at Microsoft.AspNetCore.Mvc.Infrastructure.ResourceInvoker.Rethrow(ResourceExecutedContextSealed context)
   at Microsoft.AspNetCore.Mvc.Infrastructure.ResourceInvoker.Next(State& next, Scope& scope, Object& state, Boolean& isCompleted)
   at Microsoft.AspNetCore.Mvc.Infrastructure.ResourceInvoker.InvokeFilterPipelineAsync()
--- End of stack trace from previous location ---
   at Microsoft.AspNetCore.Mvc.Infrastructure.ResourceInvoker.<InvokeAsync>g__Logged|17_1(ResourceInvoker invoker)
   at Microsoft.AspNetCore.Mvc.Infrastructure.ResourceInvoker.<InvokeAsync>g__Logged|17_1(ResourceInvoker invoker)
   at Microsoft.AspNetCore.Routing.EndpointMiddleware.<Invoke>g__AwaitRequestTask|6_0(Endpoint endpoint, Task requestTask, ILogger logger)
   at Microsoft.AspNetCore.Authorization.AuthorizationMiddleware.Invoke(HttpContext context)
   at Microsoft.AspNetCore.Authentication.AuthenticationMiddleware.Invoke(HttpContext context)
   at Microsoft.AspNetCore.Diagnostics.DeveloperExceptionPageMiddlewareImpl.Invoke(HttpContext context)
2023-11-15 11:17:15.755 +01:00 [Information] Request finished HTTP/1.1 GET https://localhost:44424/api/deck/browsedecks/ - - - 500 - text/html;+charset=utf-8 746.6230ms
