2023-11-15 12:57:47.774 +01:00 [Information] User profile is available. Using '"C:\Users\mahwi\AppData\Local\ASP.NET\DataProtection-Keys"' as key repository and Windows DPAPI to encrypt keys at rest.
2023-11-15 12:57:50.249 +01:00 [Information] Now listening on: "https://localhost:7196"
2023-11-15 12:57:50.252 +01:00 [Information] Now listening on: "http://localhost:5105"
2023-11-15 12:57:50.258 +01:00 [Information] Application started. Press Ctrl+C to shut down.
2023-11-15 12:57:50.261 +01:00 [Information] Hosting environment: "Development"
2023-11-15 12:57:50.264 +01:00 [Information] Content root path: "E:\git prosjekt\Flashcards_React\Flashcards_React"
2023-11-15 12:57:51.562 +01:00 [Information] Request starting HTTP/2 GET https://localhost:7196/ - -
2023-11-15 12:57:55.956 +01:00 [Information] No SPA development server running at https://localhost:44424 found.
2023-11-15 12:57:56.386 +01:00 [Information] SPA proxy is not ready. Returning temporary landing page.
2023-11-15 12:57:56.394 +01:00 [Information] Request finished HTTP/2 GET https://localhost:7196/ - - - 200 - text/html 4834.0965ms
2023-11-15 12:57:59.497 +01:00 [Information] Request starting HTTP/2 GET https://localhost:7196/ - -
2023-11-15 12:58:06.647 +01:00 [Information] SPA proxy is ready. Redirecting to https://localhost:44424.
2023-11-15 12:58:06.652 +01:00 [Information] SPA development server running at 'https://localhost:44424'
2023-11-15 12:58:06.653 +01:00 [Information] Request finished HTTP/2 GET https://localhost:7196/ - - - 302 0 - 7155.6867ms
2023-11-15 12:59:28.068 +01:00 [Information] Request starting HTTP/1.1 GET https://localhost:44424/api/deck/browsedecks/ - -
2023-11-15 12:59:28.206 +01:00 [Information] Executing endpoint '"Flashcards_React.Controllers.DeckController.BrowseDecks (Flashcards_React)"'
2023-11-15 12:59:28.227 +01:00 [Information] Route matched with "{action = \"BrowseDecks\", controller = \"Deck\", page = \"\", area = \"\"}". Executing controller action with signature "System.Threading.Tasks.Task`1[Microsoft.AspNetCore.Mvc.ActionResult`1[System.Collections.Generic.IEnumerable`1[Flashcards_React.Models.Deck]]] BrowseDecks()" on controller "Flashcards_React.Controllers.DeckController" ("Flashcards_React").
2023-11-15 12:59:28.347 +01:00 [Information] Executing action method "Flashcards_React.Controllers.DeckController.BrowseDecks (Flashcards_React)" - Validation state: Valid
2023-11-15 12:59:28.445 +01:00 [Information] Executed action method "Flashcards_React.Controllers.DeckController.BrowseDecks (Flashcards_React)", returned result "Microsoft.AspNetCore.Mvc.OkObjectResult" in 93.522ms.
2023-11-15 12:59:28.452 +01:00 [Information] Executing "OkObjectResult", writing value of type '"System.Collections.Generic.List`1[[Flashcards_React.Models.Deck, Flashcards_React, Version=1.0.0.0, Culture=neutral, PublicKeyToken=null]]"'.
2023-11-15 12:59:28.506 +01:00 [Information] Executed action "Flashcards_React.Controllers.DeckController.BrowseDecks (Flashcards_React)" in 273.606ms
2023-11-15 12:59:28.506 +01:00 [Information] Executed endpoint '"Flashcards_React.Controllers.DeckController.BrowseDecks (Flashcards_React)"'
2023-11-15 12:59:28.514 +01:00 [Information] Request finished HTTP/1.1 GET https://localhost:44424/api/deck/browsedecks/ - - - 200 - application/json;+charset=utf-8 445.5363ms
