2023-11-15 11:21:49.487 +01:00 [Information] User profile is available. Using '"C:\Users\mahwi\AppData\Local\ASP.NET\DataProtection-Keys"' as key repository and Windows DPAPI to encrypt keys at rest.
2023-11-15 11:21:55.146 +01:00 [Information] Now listening on: "https://localhost:7196"
2023-11-15 11:21:55.152 +01:00 [Information] Now listening on: "http://localhost:5105"
2023-11-15 11:21:55.167 +01:00 [Information] Application started. Press Ctrl+C to shut down.
2023-11-15 11:21:55.173 +01:00 [Information] Hosting environment: "Development"
2023-11-15 11:21:55.181 +01:00 [Information] Content root path: "E:\git prosjekt\Flashcards_React\Flashcards_React"
2023-11-15 11:21:56.783 +01:00 [Information] Request starting HTTP/2 GET https://localhost:7196/ - -
2023-11-15 11:22:01.985 +01:00 [Information] No SPA development server running at https://localhost:44424 found.
2023-11-15 11:22:02.626 +01:00 [Information] SPA proxy is not ready. Returning temporary landing page.
2023-11-15 11:22:02.636 +01:00 [Information] Request finished HTTP/2 GET https://localhost:7196/ - - - 200 - text/html 5871.6082ms
2023-11-15 11:22:05.818 +01:00 [Information] Request starting HTTP/2 GET https://localhost:7196/ - -
2023-11-15 11:22:10.028 +01:00 [Information] SPA proxy is not ready. Returning temporary landing page.
2023-11-15 11:22:10.030 +01:00 [Information] Request finished HTTP/2 GET https://localhost:7196/ - - - 200 - text/html 4211.9190ms
2023-11-15 11:22:13.161 +01:00 [Information] Request starting HTTP/2 GET https://localhost:7196/ - -
2023-11-15 11:22:17.402 +01:00 [Information] SPA proxy is not ready. Returning temporary landing page.
2023-11-15 11:22:17.402 +01:00 [Information] Request finished HTTP/2 GET https://localhost:7196/ - - - 200 - text/html 4241.1862ms
2023-11-15 11:22:20.498 +01:00 [Information] Request starting HTTP/2 GET https://localhost:7196/ - -
2023-11-15 11:22:31.570 +01:00 [Information] SPA proxy is not ready. Returning temporary landing page.
2023-11-15 11:22:31.593 +01:00 [Information] Request finished HTTP/2 GET https://localhost:7196/ - - - 200 - text/html 11093.1057ms
2023-11-15 11:22:32.815 +01:00 [Information] SPA development server running at 'https://localhost:44424'
2023-11-15 11:22:34.695 +01:00 [Information] Request starting HTTP/2 GET https://localhost:7196/ - -
2023-11-15 11:22:36.873 +01:00 [Information] SPA proxy is ready. Redirecting to https://localhost:44424.
2023-11-15 11:22:36.875 +01:00 [Information] Request finished HTTP/2 GET https://localhost:7196/ - - - 302 0 - 2180.8518ms
2023-11-15 11:22:42.476 +01:00 [Information] Request starting HTTP/1.1 GET https://localhost:44424/api/deck/browsedecks/ - -
2023-11-15 11:22:43.060 +01:00 [Information] Executing endpoint '"Flashcards_React.Controllers.DeckController.BrowseDecks (Flashcards_React)"'
2023-11-15 11:22:43.176 +01:00 [Information] Route matched with "{action = \"BrowseDecks\", controller = \"Deck\", page = \"\", area = \"\"}". Executing controller action with signature "Microsoft.AspNetCore.Mvc.ActionResult`1[System.Collections.Generic.IEnumerable`1[Flashcards_React.Models.Deck]] BrowseDecks()" on controller "Flashcards_React.Controllers.DeckController" ("Flashcards_React").
2023-11-15 11:22:43.208 +01:00 [Information] Executed action "Flashcards_React.Controllers.DeckController.BrowseDecks (Flashcards_React)" in 16.4296ms
2023-11-15 11:22:43.213 +01:00 [Information] Executed endpoint '"Flashcards_React.Controllers.DeckController.BrowseDecks (Flashcards_React)"'
2023-11-15 11:22:43.348 +01:00 [Error] An unhandled exception has occurred while executing the request.
System.InvalidOperationException: Unable to resolve service for type 'Microsoft.AspNetCore.Identity.UserManager`1[Flashcards_React.Models.FlashcardsUser]' while attempting to activate 'Flashcards_React.Controllers.DeckController'.
   at Microsoft.Extensions.DependencyInjection.ActivatorUtilities.GetService(IServiceProvider sp, Type type, Type requiredBy, Boolean isDefaultParameterRequired)
   at lambda_method163(Closure, IServiceProvider, Object[])
   at Microsoft.AspNetCore.Mvc.Controllers.ControllerFactoryProvider.<>c__DisplayClass6_0.<CreateControllerFactory>g__CreateController|0(ControllerContext controllerContext)
   at Microsoft.AspNetCore.Mvc.Infrastructure.ControllerActionInvoker.Next(State& next, Scope& scope, Object& state, Boolean& isCompleted)
   at Microsoft.AspNetCore.Mvc.Infrastructure.ControllerActionInvoker.InvokeInnerFilterAsync()
--- End of stack trace from previous location ---
   at Microsoft.AspNetCore.Mvc.Infrastructure.ResourceInvoker.<InvokeNextResourceFilter>g__Awaited|25_0(ResourceInvoker invoker, Task lastTask, State next, Scope scope, Object state, Boolean isCompleted)
   at Microsoft.AspNetCore.Mvc.Infrastructure.ResourceInvoker.Rethrow(ResourceExecutedContextSealed context)
   at Microsoft.AspNetCore.Mvc.Infrastructure.ResourceInvoker.Next(State& next, Scope& scope, Object& state, Boolean& isCompleted)
   at Microsoft.AspNetCore.Mvc.Infrastructure.ResourceInvoker.InvokeFilterPipelineAsync()
--- End of stack trace from previous location ---
   at Microsoft.AspNetCore.Mvc.Infrastructure.ResourceInvoker.<InvokeAsync>g__Logged|17_1(ResourceInvoker invoker)
   at Microsoft.AspNetCore.Mvc.Infrastructure.ResourceInvoker.<InvokeAsync>g__Logged|17_1(ResourceInvoker invoker)
   at Microsoft.AspNetCore.Routing.EndpointMiddleware.<Invoke>g__AwaitRequestTask|6_0(Endpoint endpoint, Task requestTask, ILogger logger)
   at Microsoft.AspNetCore.Authorization.AuthorizationMiddleware.Invoke(HttpContext context)
   at Microsoft.AspNetCore.Authentication.AuthenticationMiddleware.Invoke(HttpContext context)
   at Microsoft.AspNetCore.Diagnostics.DeveloperExceptionPageMiddlewareImpl.Invoke(HttpContext context)
2023-11-15 11:22:43.384 +01:00 [Information] Request finished HTTP/1.1 GET https://localhost:44424/api/deck/browsedecks/ - - - 500 - text/plain;+charset=utf-8 907.7655ms
