2023-11-15 12:51:03.280 +01:00 [Information] User profile is available. Using '"C:\Users\mahwi\AppData\Local\ASP.NET\DataProtection-Keys"' as key repository and Windows DPAPI to encrypt keys at rest.
2023-11-15 12:51:06.069 +01:00 [Information] Now listening on: "https://localhost:7196"
2023-11-15 12:51:06.073 +01:00 [Information] Now listening on: "http://localhost:5105"
2023-11-15 12:51:06.082 +01:00 [Information] Application started. Press Ctrl+C to shut down.
2023-11-15 12:51:06.085 +01:00 [Information] Hosting environment: "Development"
2023-11-15 12:51:06.088 +01:00 [Information] Content root path: "E:\git prosjekt\Flashcards_React\Flashcards_React"
2023-11-15 12:51:07.324 +01:00 [Information] Request starting HTTP/2 GET https://localhost:7196/ - -
2023-11-15 12:51:11.825 +01:00 [Information] No SPA development server running at https://localhost:44424 found.
2023-11-15 12:51:12.256 +01:00 [Information] SPA proxy is not ready. Returning temporary landing page.
2023-11-15 12:51:12.266 +01:00 [Information] Request finished HTTP/2 GET https://localhost:7196/ - - - 200 - text/html 4957.4915ms
2023-11-15 12:51:15.538 +01:00 [Information] Request starting HTTP/2 GET https://localhost:7196/ - -
2023-11-15 12:51:19.632 +01:00 [Information] SPA proxy is not ready. Returning temporary landing page.
2023-11-15 12:51:19.633 +01:00 [Information] Request finished HTTP/2 GET https://localhost:7196/ - - - 200 - text/html 4094.6787ms
2023-11-15 12:51:22.688 +01:00 [Information] Request starting HTTP/2 GET https://localhost:7196/ - -
2023-11-15 12:51:31.082 +01:00 [Information] SPA development server running at 'https://localhost:44424'
2023-11-15 12:51:31.086 +01:00 [Information] SPA proxy is ready. Redirecting to https://localhost:44424.
2023-11-15 12:51:31.087 +01:00 [Information] Request finished HTTP/2 GET https://localhost:7196/ - - - 302 0 - 8399.3310ms
2023-11-15 12:54:50.838 +01:00 [Information] Request starting HTTP/1.1 GET https://localhost:44424/api/deck/browsedecks/ - -
2023-11-15 12:54:51.010 +01:00 [Information] Authorization failed. "These requirements were not met:
DenyAnonymousAuthorizationRequirement: Requires an authenticated user."
2023-11-15 12:54:51.017 +01:00 [Information] AuthenticationScheme: "Bearer" was challenged.
2023-11-15 12:54:51.035 +01:00 [Information] Request finished HTTP/1.1 GET https://localhost:44424/api/deck/browsedecks/ - - - 401 0 - 197.5082ms
