2023-11-15 10:50:04.319 +01:00 [Information] User profile is available. Using '"C:\Users\mahwi\AppData\Local\ASP.NET\DataProtection-Keys"' as key repository and Windows DPAPI to encrypt keys at rest.
2023-11-15 10:50:08.959 +01:00 [Information] Now listening on: "https://localhost:7196"
2023-11-15 10:50:08.964 +01:00 [Information] Now listening on: "http://localhost:5105"
2023-11-15 10:50:08.979 +01:00 [Information] Application started. Press Ctrl+C to shut down.
2023-11-15 10:50:08.984 +01:00 [Information] Hosting environment: "Development"
2023-11-15 10:50:08.990 +01:00 [Information] Content root path: "E:\git prosjekt\Flashcards_React\Flashcards_React"
2023-11-15 10:50:11.369 +01:00 [Information] Request starting HTTP/2 GET https://localhost:7196/ - -
2023-11-15 10:50:16.195 +01:00 [Information] No SPA development server running at https://localhost:44424 found.
2023-11-15 10:50:16.940 +01:00 [Information] SPA proxy is not ready. Returning temporary landing page.
2023-11-15 10:50:16.958 +01:00 [Information] Request finished HTTP/2 GET https://localhost:7196/ - - - 200 - text/html 5595.6586ms
2023-11-15 10:50:17.138 +01:00 [Information] Request starting HTTP/2 GET https://localhost:7196/favicon.ico - -
2023-11-15 10:50:17.462 +01:00 [Information] Request finished HTTP/2 GET https://localhost:7196/favicon.ico - - - 404 0 - 323.9373ms
2023-11-15 10:50:20.134 +01:00 [Information] Request starting HTTP/2 GET https://localhost:7196/ - -
2023-11-15 10:50:24.341 +01:00 [Information] SPA proxy is not ready. Returning temporary landing page.
2023-11-15 10:50:24.342 +01:00 [Information] Request finished HTTP/2 GET https://localhost:7196/ - - - 200 - text/html 4207.8664ms
2023-11-15 10:50:27.436 +01:00 [Information] Request starting HTTP/2 GET https://localhost:7196/ - -
2023-11-15 10:50:31.649 +01:00 [Information] SPA proxy is not ready. Returning temporary landing page.
2023-11-15 10:50:31.650 +01:00 [Information] Request finished HTTP/2 GET https://localhost:7196/ - - - 200 - text/html 4213.5933ms
2023-11-15 10:50:34.716 +01:00 [Information] Request starting HTTP/2 GET https://localhost:7196/ - -
2023-11-15 10:50:45.106 +01:00 [Information] SPA proxy is not ready. Returning temporary landing page.
2023-11-15 10:50:45.113 +01:00 [Information] Request finished HTTP/2 GET https://localhost:7196/ - - - 200 - text/html 10397.4276ms
2023-11-15 10:50:47.225 +01:00 [Information] SPA development server running at 'https://localhost:44424'
2023-11-15 10:50:48.235 +01:00 [Information] Request starting HTTP/2 GET https://localhost:7196/ - -
2023-11-15 10:50:50.468 +01:00 [Information] SPA proxy is ready. Redirecting to https://localhost:44424.
2023-11-15 10:50:50.470 +01:00 [Information] Request finished HTTP/2 GET https://localhost:7196/ - - - 302 0 - 2234.8398ms
2023-11-15 10:50:58.627 +01:00 [Information] Request starting HTTP/1.1 GET https://localhost:44424/api/deck/browsedecks - -
2023-11-15 10:50:58.653 +01:00 [Information] Authorization failed. "These requirements were not met:
DenyAnonymousAuthorizationRequirement: Requires an authenticated user."
2023-11-15 10:50:58.665 +01:00 [Information] AuthenticationScheme: "Bearer" was challenged.
2023-11-15 10:50:58.690 +01:00 [Information] Request finished HTTP/1.1 GET https://localhost:44424/api/deck/browsedecks - - - 401 0 - 62.6388ms
