2023-11-15 11:48:50.699 +01:00 [Information] User profile is available. Using '"C:\Users\mahwi\AppData\Local\ASP.NET\DataProtection-Keys"' as key repository and Windows DPAPI to encrypt keys at rest.
2023-11-15 11:48:54.740 +01:00 [Information] Now listening on: "https://localhost:7196"
2023-11-15 11:48:54.743 +01:00 [Information] Now listening on: "http://localhost:5105"
2023-11-15 11:48:54.753 +01:00 [Information] Application started. Press Ctrl+C to shut down.
2023-11-15 11:48:54.756 +01:00 [Information] Hosting environment: "Development"
2023-11-15 11:48:54.759 +01:00 [Information] Content root path: "E:\git prosjekt\Flashcards_React\Flashcards_React"
2023-11-15 11:48:55.870 +01:00 [Information] Request starting HTTP/2 GET https://localhost:7196/ - -
2023-11-15 11:49:01.066 +01:00 [Information] No SPA development server running at https://localhost:44424 found.
2023-11-15 11:49:01.861 +01:00 [Information] SPA proxy is not ready. Returning temporary landing page.
2023-11-15 11:49:01.876 +01:00 [Information] Request finished HTTP/2 GET https://localhost:7196/ - - - 200 - text/html 6011.7025ms
2023-11-15 11:49:05.263 +01:00 [Information] Request starting HTTP/2 GET https://localhost:7196/ - -
2023-11-15 11:49:09.453 +01:00 [Information] SPA proxy is not ready. Returning temporary landing page.
2023-11-15 11:49:09.455 +01:00 [Information] Request finished HTTP/2 GET https://localhost:7196/ - - - 200 - text/html 4191.5567ms
2023-11-15 11:49:12.523 +01:00 [Information] Request starting HTTP/2 GET https://localhost:7196/ - -
2023-11-15 11:49:18.857 +01:00 [Information] SPA development server running at 'https://localhost:44424'
2023-11-15 11:49:18.973 +01:00 [Information] SPA proxy is ready. Redirecting to https://localhost:44424.
2023-11-15 11:49:18.975 +01:00 [Information] Request finished HTTP/2 GET https://localhost:7196/ - - - 302 0 - 6452.0611ms
2023-11-15 11:49:29.688 +01:00 [Information] Request starting HTTP/1.1 GET https://localhost:44424/api/deck/browsedecks - -
2023-11-15 11:49:30.302 +01:00 [Information] Authorization failed. "These requirements were not met:
DenyAnonymousAuthorizationRequirement: Requires an authenticated user."
2023-11-15 11:49:30.308 +01:00 [Information] AuthenticationScheme: "Bearer" was challenged.
2023-11-15 11:49:30.374 +01:00 [Information] Request finished HTTP/1.1 GET https://localhost:44424/api/deck/browsedecks - - - 401 0 - 685.9315ms
2023-11-15 11:49:38.895 +01:00 [Information] Request starting HTTP/1.1 GET https://localhost:44424/api/deck/browsedecks - -
2023-11-15 11:49:38.939 +01:00 [Information] Authorization failed. "These requirements were not met:
DenyAnonymousAuthorizationRequirement: Requires an authenticated user."
2023-11-15 11:49:38.939 +01:00 [Information] AuthenticationScheme: "Bearer" was challenged.
2023-11-15 11:49:38.954 +01:00 [Information] Request finished HTTP/1.1 GET https://localhost:44424/api/deck/browsedecks - - - 401 0 - 59.1817ms
