2023-11-15 13:16:59.691 +01:00 [Information] User profile is available. Using '"C:\Users\mahwi\AppData\Local\ASP.NET\DataProtection-Keys"' as key repository and Windows DPAPI to encrypt keys at rest.
2023-11-15 13:17:11.384 +01:00 [Information] Now listening on: "https://localhost:7196"
2023-11-15 13:17:11.393 +01:00 [Information] Now listening on: "http://localhost:5105"
2023-11-15 13:17:11.421 +01:00 [Information] Application started. Press Ctrl+C to shut down.
2023-11-15 13:17:11.438 +01:00 [Information] Hosting environment: "Development"
2023-11-15 13:17:11.454 +01:00 [Information] Content root path: "E:\git prosjekt\Flashcards_React\Flashcards_React"
2023-11-15 13:17:12.641 +01:00 [Information] Request starting HTTP/2 GET https://localhost:7196/ - -
2023-11-15 13:17:17.303 +01:00 [Information] No SPA development server running at https://localhost:44424 found.
2023-11-15 13:17:18.137 +01:00 [Information] SPA proxy is not ready. Returning temporary landing page.
2023-11-15 13:17:18.221 +01:00 [Information] Request finished HTTP/2 GET https://localhost:7196/ - - - 200 - text/html 5581.3590ms
2023-11-15 13:17:22.000 +01:00 [Information] Request starting HTTP/2 GET https://localhost:7196/ - -
2023-11-15 13:17:26.321 +01:00 [Information] SPA proxy is not ready. Returning temporary landing page.
2023-11-15 13:17:26.323 +01:00 [Information] Request finished HTTP/2 GET https://localhost:7196/ - - - 200 - text/html 4322.9181ms
2023-11-15 13:17:29.404 +01:00 [Information] Request starting HTTP/2 GET https://localhost:7196/ - -
2023-11-15 13:17:39.470 +01:00 [Information] SPA proxy is not ready. Returning temporary landing page.
2023-11-15 13:17:39.470 +01:00 [Information] Request finished HTTP/2 GET https://localhost:7196/ - - - 200 - text/html 10065.5070ms
2023-11-15 13:17:42.529 +01:00 [Information] Request starting HTTP/2 GET https://localhost:7196/ - -
2023-11-15 13:17:45.061 +01:00 [Information] SPA development server running at 'https://localhost:44424'
2023-11-15 13:17:45.137 +01:00 [Information] SPA proxy is ready. Redirecting to https://localhost:44424.
2023-11-15 13:17:45.139 +01:00 [Information] Request finished HTTP/2 GET https://localhost:7196/ - - - 302 0 - 2609.6408ms
2023-11-15 13:18:13.205 +01:00 [Information] Request starting HTTP/1.1 GET https://localhost:44424/api/deck/browsedecks?searchString=your_search_string - -
2023-11-15 13:18:13.376 +01:00 [Information] Executing endpoint '"Flashcards_React.Controllers.DeckController.BrowseDecks (Flashcards_React)"'
2023-11-15 13:18:13.416 +01:00 [Information] Route matched with "{action = \"BrowseDecks\", controller = \"Deck\", page = \"\", area = \"\"}". Executing controller action with signature "System.Threading.Tasks.Task`1[System.Collections.Generic.IEnumerable`1[Flashcards_React.Models.Deck]] BrowseDecks(System.String)" on controller "Flashcards_React.Controllers.DeckController" ("Flashcards_React").
2023-11-15 13:18:13.601 +01:00 [Information] Executing action method "Flashcards_React.Controllers.DeckController.BrowseDecks (Flashcards_React)" - Validation state: Valid
2023-11-15 13:18:13.813 +01:00 [Information] Executed action method "Flashcards_React.Controllers.DeckController.BrowseDecks (Flashcards_React)", returned result "Microsoft.AspNetCore.Mvc.ObjectResult" in 204.8848ms.
2023-11-15 13:18:13.820 +01:00 [Information] Executing "ObjectResult", writing value of type '"System.Collections.Generic.List`1[[Flashcards_React.Models.Deck, Flashcards_React, Version=1.0.0.0, Culture=neutral, PublicKeyToken=null]]"'.
2023-11-15 13:18:13.865 +01:00 [Information] Executed action "Flashcards_React.Controllers.DeckController.BrowseDecks (Flashcards_React)" in 443.0195ms
2023-11-15 13:18:13.866 +01:00 [Information] Executed endpoint '"Flashcards_React.Controllers.DeckController.BrowseDecks (Flashcards_React)"'
2023-11-15 13:18:13.873 +01:00 [Information] Request finished HTTP/1.1 GET https://localhost:44424/api/deck/browsedecks?searchString=your_search_string - - - 200 - application/json;+charset=utf-8 667.9775ms
2023-11-15 13:18:18.559 +01:00 [Information] Request starting HTTP/1.1 GET https://localhost:44424/api/deck/browsedecks?searchString=your_search_string - -
2023-11-15 13:18:18.635 +01:00 [Information] Executing endpoint '"Flashcards_React.Controllers.DeckController.BrowseDecks (Flashcards_React)"'
2023-11-15 13:18:18.636 +01:00 [Information] Route matched with "{action = \"BrowseDecks\", controller = \"Deck\", page = \"\", area = \"\"}". Executing controller action with signature "System.Threading.Tasks.Task`1[System.Collections.Generic.IEnumerable`1[Flashcards_React.Models.Deck]] BrowseDecks(System.String)" on controller "Flashcards_React.Controllers.DeckController" ("Flashcards_React").
2023-11-15 13:18:18.738 +01:00 [Information] Executing action method "Flashcards_React.Controllers.DeckController.BrowseDecks (Flashcards_React)" - Validation state: Valid
2023-11-15 13:18:18.740 +01:00 [Information] Executed action method "Flashcards_React.Controllers.DeckController.BrowseDecks (Flashcards_React)", returned result "Microsoft.AspNetCore.Mvc.ObjectResult" in 1.9207ms.
2023-11-15 13:18:18.742 +01:00 [Information] Executing "ObjectResult", writing value of type '"System.Collections.Generic.List`1[[Flashcards_React.Models.Deck, Flashcards_React, Version=1.0.0.0, Culture=neutral, PublicKeyToken=null]]"'.
2023-11-15 13:18:18.753 +01:00 [Information] Executed action "Flashcards_React.Controllers.DeckController.BrowseDecks (Flashcards_React)" in 116.4497ms
2023-11-15 13:18:18.753 +01:00 [Information] Executed endpoint '"Flashcards_React.Controllers.DeckController.BrowseDecks (Flashcards_React)"'
2023-11-15 13:18:18.755 +01:00 [Information] Request finished HTTP/1.1 GET https://localhost:44424/api/deck/browsedecks?searchString=your_search_string - - - 200 - application/json;+charset=utf-8 195.7637ms
