2023-11-15 11:50:21.715 +01:00 [Information] User profile is available. Using '"C:\Users\mahwi\AppData\Local\ASP.NET\DataProtection-Keys"' as key repository and Windows DPAPI to encrypt keys at rest.
2023-11-15 11:50:24.444 +01:00 [Information] Now listening on: "https://localhost:7196"
2023-11-15 11:50:24.448 +01:00 [Information] Now listening on: "http://localhost:5105"
2023-11-15 11:50:24.456 +01:00 [Information] Application started. Press Ctrl+C to shut down.
2023-11-15 11:50:24.459 +01:00 [Information] Hosting environment: "Development"
2023-11-15 11:50:24.461 +01:00 [Information] Content root path: "E:\git prosjekt\Flashcards_React\Flashcards_React"
2023-11-15 11:50:25.404 +01:00 [Information] Request starting HTTP/2 GET https://localhost:7196/ - -
2023-11-15 11:50:29.849 +01:00 [Information] No SPA development server running at https://localhost:44424 found.
2023-11-15 11:50:30.210 +01:00 [Information] SPA proxy is not ready. Returning temporary landing page.
2023-11-15 11:50:30.229 +01:00 [Information] Request finished HTTP/2 GET https://localhost:7196/ - - - 200 - text/html 4826.4510ms
2023-11-15 11:50:33.355 +01:00 [Information] Request starting HTTP/2 GET https://localhost:7196/ - -
2023-11-15 11:50:37.497 +01:00 [Information] SPA proxy is not ready. Returning temporary landing page.
2023-11-15 11:50:37.498 +01:00 [Information] Request finished HTTP/2 GET https://localhost:7196/ - - - 200 - text/html 4143.3296ms
2023-11-15 11:50:40.570 +01:00 [Information] Request starting HTTP/2 GET https://localhost:7196/ - -
2023-11-15 11:50:44.021 +01:00 [Information] SPA development server running at 'https://localhost:44424'
2023-11-15 11:50:44.025 +01:00 [Information] SPA proxy is ready. Redirecting to https://localhost:44424.
2023-11-15 11:50:44.026 +01:00 [Information] Request finished HTTP/2 GET https://localhost:7196/ - - - 302 0 - 3456.0240ms
2023-11-15 11:51:22.798 +01:00 [Information] Request starting HTTP/1.1 GET https://localhost:44424/api/deck/browsedecks - -
2023-11-15 11:51:23.014 +01:00 [Information] Authorization failed. "These requirements were not met:
DenyAnonymousAuthorizationRequirement: Requires an authenticated user."
2023-11-15 11:51:23.021 +01:00 [Information] AuthenticationScheme: "Bearer" was challenged.
2023-11-15 11:51:23.045 +01:00 [Information] Request finished HTTP/1.1 GET https://localhost:44424/api/deck/browsedecks - - - 401 0 - 245.9027ms
